<?xml version="1.0" encoding="UTF-8"?>
<!-- Generated by org.testng.reporters.JUnitReportReporter -->
<testsuite ignored="0" hostname="BS654" failures="0" tests="1" name="AutomationSolutionz.Interview.testcases" time="0.160" errors="0" timestamp="06 Sep 2023 06:36:47 GMT" skipped="0">
  <testcase classname="AutomationSolutionz.Interview.testcases" name="reg_Positive" time="0.160"/>
</testsuite> <!-- AutomationSolutionz.Interview.testcases -->
